16:55:12 (index) x_error_message=WebErrDB:sqlDatabase error [23000] Cannot add or update a child row: a foreign key constraint fails (`pro_my`.`store_products_categories`, CONSTRAINT `FK_store_products_categories_2` FOREIGN KEY (`category_id`) REFERENCES `store_categories` (`category_id`)) driver error code is 1452
16:55:12 (index) x_error_message=WebErrDB:sqlDatabase error [23000] Cannot add or update a child row: a foreign key constraint fails (`pro_my`.`store_products_categories`, CONSTRAINT `FK_store_products_categories_2` FOREIGN KEY (`category_id`) REFERENCES `store_categories` (`category_id`)) driver error code is 1452
16:55:12 (index) x_error_message=WebErrDB:sqlDatabase error [23000] Cannot add or update a child row: a foreign key constraint fails (`pro_my`.`store_products_categories`, CONSTRAINT `FK_store_products_categories_2` FOREIGN KEY (`category_id`) REFERENCES `store_categories` (`category_id`)) driver error code is 1452
17:22:04 (index) x_error_message=WebErrDB:sqlDatabase error [23000] Cannot add or update a child row: a foreign key constraint fails (`pro_my`.`store_products_categories`, CONSTRAINT `FK_store_products_categories_2` FOREIGN KEY (`category_id`) REFERENCES `store_categories` (`category_id`)) driver error code is 1452
17:22:04 (index) x_error_message=WebErrDB:sqlDatabase error [23000] Cannot add or update a child row: a foreign key constraint fails (`pro_my`.`store_products_categories`, CONSTRAINT `FK_store_products_categories_2` FOREIGN KEY (`category_id`) REFERENCES `store_categories` (`category_id`)) driver error code is 1452
17:22:04 (index) x_error_message=WebErrDB:sqlDatabase error [23000] Cannot add or update a child row: a foreign key constraint fails (`pro_my`.`store_products_categories`, CONSTRAINT `FK_store_products_categories_2` FOREIGN KEY (`category_id`) REFERENCES `store_categories` (`category_id`)) driver error code is 1452
17:26:14 (index) x_error_message=WebErrDB:sqlDatabase error [23000] Cannot add or update a child row: a foreign key constraint fails (`pro_my`.`store_products_categories`, CONSTRAINT `FK_store_products_categories_2` FOREIGN KEY (`category_id`) REFERENCES `store_categories` (`category_id`)) driver error code is 1452
17:26:14 (index) x_error_message=WebErrDB:sqlDatabase error [23000] Cannot add or update a child row: a foreign key constraint fails (`pro_my`.`store_products_categories`, CONSTRAINT `FK_store_products_categories_2` FOREIGN KEY (`category_id`) REFERENCES `store_categories` (`category_id`)) driver error code is 1452
17:26:14 (index) x_error_message=WebErrDB:sqlDatabase error [23000] Cannot add or update a child row: a foreign key constraint fails (`pro_my`.`store_products_categories`, CONSTRAINT `FK_store_products_categories_2` FOREIGN KEY (`category_id`) REFERENCES `store_categories` (`category_id`)) driver error code is 1452
17:28:57 (index) x_error_message=WebErrDB:sqlDatabase error [23000] Cannot add or update a child row: a foreign key constraint fails (`pro_my`.`store_products_categories`, CONSTRAINT `FK_store_products_categories_2` FOREIGN KEY (`category_id`) REFERENCES `store_categories` (`category_id`)) driver error code is 1452
17:28:57 (index) x_error_message=WebErrDB:sqlDatabase error [23000] Cannot add or update a child row: a foreign key constraint fails (`pro_my`.`store_products_categories`, CONSTRAINT `FK_store_products_categories_2` FOREIGN KEY (`category_id`) REFERENCES `store_categories` (`category_id`)) driver error code is 1452
17:28:57 (index) x_error_message=WebErrDB:sqlDatabase error [23000] Cannot add or update a child row: a foreign key constraint fails (`pro_my`.`store_products_categories`, CONSTRAINT `FK_store_products_categories_2` FOREIGN KEY (`category_id`) REFERENCES `store_categories` (`category_id`)) driver error code is 1452
17:30:25 (index) x_error_message=WebErrDB:sqlDatabase error [23000] Cannot add or update a child row: a foreign key constraint fails (`pro_my`.`store_products_categories`, CONSTRAINT `FK_store_products_categories_2` FOREIGN KEY (`category_id`) REFERENCES `store_categories` (`category_id`)) driver error code is 1452
17:30:25 (index) x_error_message=WebErrDB:sqlDatabase error [23000] Cannot add or update a child row: a foreign key constraint fails (`pro_my`.`store_products_categories`, CONSTRAINT `FK_store_products_categories_2` FOREIGN KEY (`category_id`) REFERENCES `store_categories` (`category_id`)) driver error code is 1452
17:30:25 (index) x_error_message=WebErrDB:sqlDatabase error [23000] Cannot add or update a child row: a foreign key constraint fails (`pro_my`.`store_products_categories`, CONSTRAINT `FK_store_products_categories_2` FOREIGN KEY (`category_id`) REFERENCES `store_categories` (`category_id`)) driver error code is 1452
17:32:06 (index) x_error_message=WebErrDB:sqlDatabase error [23000] Cannot add or update a child row: a foreign key constraint fails (`pro_my`.`store_products_categories`, CONSTRAINT `FK_store_products_categories_2` FOREIGN KEY (`category_id`) REFERENCES `store_categories` (`category_id`)) driver error code is 1452
17:32:06 (index) x_error_message=WebErrDB:sqlDatabase error [23000] Cannot add or update a child row: a foreign key constraint fails (`pro_my`.`store_products_categories`, CONSTRAINT `FK_store_products_categories_2` FOREIGN KEY (`category_id`) REFERENCES `store_categories` (`category_id`)) driver error code is 1452
17:32:06 (index) x_error_message=WebErrDB:sqlDatabase error [23000] Cannot add or update a child row: a foreign key constraint fails (`pro_my`.`store_products_categories`, CONSTRAINT `FK_store_products_categories_2` FOREIGN KEY (`category_id`) REFERENCES `store_categories` (`category_id`)) driver error code is 1452
17:37:34 (index) x_error_message=WebErrDB:sqlDatabase error [23000] Cannot add or update a child row: a foreign key constraint fails (`pro_my`.`store_products_categories`, CONSTRAINT `FK_store_products_categories_2` FOREIGN KEY (`category_id`) REFERENCES `store_categories` (`category_id`)) driver error code is 1452
17:37:34 (index) x_error_message=WebErrDB:sqlDatabase error [23000] Cannot add or update a child row: a foreign key constraint fails (`pro_my`.`store_products_categories`, CONSTRAINT `FK_store_products_categories_2` FOREIGN KEY (`category_id`) REFERENCES `store_categories` (`category_id`)) driver error code is 1452
17:37:34 (index) x_error_message=WebErrDB:sqlDatabase error [23000] Cannot add or update a child row: a foreign key constraint fails (`pro_my`.`store_products_categories`, CONSTRAINT `FK_store_products_categories_2` FOREIGN KEY (`category_id`) REFERENCES `store_categories` (`category_id`)) driver error code is 1452
18:24:41 (index) SQLSTATE[42000]: Syntax error or access violation: 1064 You have an error in your SQL syntax; check the manual that corresponds to your MySQL server version for the right syntax to use near 'spc.category_id = 1 AND sp.statusid=1
					ORDER BY product_title ASC LIMIT 0, ' at line 13
18:24:41 (index) SQLSTATE[42000]: Syntax error or access violation: 1064 You have an error in your SQL syntax; check the manual that corresponds to your MySQL server version for the right syntax to use near 'spc.category_id = 1 AND sp.statusid=1
					ORDER BY product_title ASC LIMIT 0, ' at line 13
18:27:20 (index) SQLSTATE[42000]: Syntax error or access violation: 1064 You have an error in your SQL syntax; check the manual that corresponds to your MySQL server version for the right syntax to use near 'spc.category_id = 1 AND sp.statusid=1
					GROUP BY sp.product_id
					ORDER B' at line 13
18:27:20 (index) SQLSTATE[42000]: Syntax error or access violation: 1064 You have an error in your SQL syntax; check the manual that corresponds to your MySQL server version for the right syntax to use near 'spc.category_id = 1 AND sp.statusid=1
					GROUP BY sp.product_id
					ORDER B' at line 13
19:42:49 (index) SQLSTATE[42000]: Syntax error or access violation: 1064 You have an error in your SQL syntax; check the manual that corresponds to your MySQL server version for the right syntax to use near 'store_products where product_id=14' at line 1
19:42:49 (index) SQLSTATE[42000]: Syntax error or access violation: 1064 You have an error in your SQL syntax; check the manual that corresponds to your MySQL server version for the right syntax to use near 'store_products where product_id=14' at line 1
